<?xml version="1.0" encoding="UTF-8"?>
<robot generator="Robot 4.1 (Python 3.8.3 on darwin)" generated="20210901 15:20:26.853" rpa="false" schemaversion="2">
<suite id="s1" name="PwnageTest" source="/Users/beta/TEST/pwned-test/Tests/PwnageTest.robot">
<test id="s1-t1" name="First scenario: User should be able to check if email is in a data breach">
<kw name="Begin Web Test" library="Common" type="SETUP">
<kw name="Open Browser" library="SeleniumLibrary">
<arg>about:blank</arg>
<arg>${BROWSER}</arg>
<doc>Opens a new browser instance to the optional ``url``.</doc>
<msg timestamp="20210901 15:20:27.005" level="INFO">Opening browser 'ff' to base url 'about:blank'.</msg>
<msg timestamp="20210901 15:20:27.012" level="INFO">Firefox driver log is always forced to to: /Users/beta/TEST/pwned-test/Results/geckodriver-1.log</msg>
<status status="PASS" starttime="20210901 15:20:27.005" endtime="20210901 15:20:30.581"/>
</kw>
<status status="PASS" starttime="20210901 15:20:27.004" endtime="20210901 15:20:30.581"/>
</kw>
<kw name="Check if email in scenario one has been pwned" library="PwnedApp">
<kw name="Load" library="LandingPage">
<kw name="Go To" library="SeleniumLibrary">
<arg>${START_URL}</arg>
<doc>Navigates the current browser window to the provided ``url``.</doc>
<msg timestamp="20210901 15:20:30.583" level="INFO">Opening url 'https://haveibeenpwned.com/'</msg>
<status status="PASS" starttime="20210901 15:20:30.582" endtime="20210901 15:20:32.324"/>
</kw>
<status status="PASS" starttime="20210901 15:20:30.582" endtime="20210901 15:20:32.324"/>
</kw>
<kw name="Verify Page Loaded" library="LandingPage">
<kw name="Wait Until Page Contains" library="SeleniumLibrary">
<arg>Check if your email or phone is in a data breach</arg>
<doc>Waits until ``text`` appears on the current page.</doc>
<status status="PASS" starttime="20210901 15:20:32.325" endtime="20210901 15:20:32.338"/>
</kw>
<status status="PASS" starttime="20210901 15:20:32.325" endtime="20210901 15:20:32.338"/>
</kw>
<kw name="Testing The Email In The First Scenario" library="SearchPwnage">
<kw name="Enter First Scenario Search Email" library="SearchPwnage">
<kw name="Input Text" library="SeleniumLibrary">
<arg>${SEARCH_FIELD}</arg>
<arg>${SEARCH_PWNED_EMAIL}</arg>
<doc>Types the given ``text`` into the text field identified by ``locator``.</doc>
<msg timestamp="20210901 15:20:32.340" level="INFO">Typing text 'test@something.com' into text field 'id=Account'.</msg>
<status status="PASS" starttime="20210901 15:20:32.339" endtime="20210901 15:20:32.372"/>
</kw>
<status status="PASS" starttime="20210901 15:20:32.339" endtime="20210901 15:20:32.373"/>
</kw>
<status status="PASS" starttime="20210901 15:20:32.339" endtime="20210901 15:20:32.373"/>
</kw>
<kw name="Click Pwnage Button" library="SearchPwnage">
<doc>Clicks on the pwnage search button</doc>
<kw name="Click Button" library="SeleniumLibrary">
<arg>${PWNED_BUTTON}</arg>
<doc>Clicks the button identified by ``locator``.</doc>
<msg timestamp="20210901 15:20:32.374" level="INFO">Clicking button 'id=searchPwnage'.</msg>
<status status="PASS" starttime="20210901 15:20:32.373" endtime="20210901 15:20:32.612"/>
</kw>
<status status="PASS" starttime="20210901 15:20:32.373" endtime="20210901 15:20:32.612"/>
</kw>
<kw name="Verify First Scenario Search Completed" library="SearchResults">
<kw name="Wait Until Page Contains" library="SeleniumLibrary">
<arg>Oh no — pwned!</arg>
<doc>Waits until ``text`` appears on the current page.</doc>
<status status="PASS" starttime="20210901 15:20:32.613" endtime="20210901 15:20:32.618"/>
</kw>
<status status="PASS" starttime="20210901 15:20:32.613" endtime="20210901 15:20:32.618"/>
</kw>
<status status="PASS" starttime="20210901 15:20:30.581" endtime="20210901 15:20:32.619"/>
</kw>
<kw name="End Web Test" library="Common" type="TEARDOWN">
<kw name="Close Browser" library="SeleniumLibrary">
<doc>Closes the current browser.</doc>
<status status="PASS" starttime="20210901 15:20:32.620" endtime="20210901 15:20:33.135"/>
</kw>
<status status="PASS" starttime="20210901 15:20:32.619" endtime="20210901 15:20:33.135"/>
</kw>
<doc>User checks that website shows pwned-warning</doc>
<tag>Current</tag>
<status status="PASS" starttime="20210901 15:20:27.002" endtime="20210901 15:20:33.135"/>
</test>
<test id="s1-t2" name="Second scenario: User should be able to check if email is not in a data breach">
<kw name="Begin Web Test" library="Common" type="SETUP">
<kw name="Open Browser" library="SeleniumLibrary">
<arg>about:blank</arg>
<arg>${BROWSER}</arg>
<doc>Opens a new browser instance to the optional ``url``.</doc>
<msg timestamp="20210901 15:20:33.139" level="INFO">Opening browser 'ff' to base url 'about:blank'.</msg>
<msg timestamp="20210901 15:20:33.140" level="INFO">Firefox driver log is always forced to to: /Users/beta/TEST/pwned-test/Results/geckodriver-2.log</msg>
<status status="PASS" starttime="20210901 15:20:33.139" endtime="20210901 15:20:36.480"/>
</kw>
<status status="PASS" starttime="20210901 15:20:33.138" endtime="20210901 15:20:36.481"/>
</kw>
<kw name="Check if email in scenario two has not been pwned" library="PwnedApp">
<kw name="Load" library="LandingPage">
<kw name="Go To" library="SeleniumLibrary">
<arg>${START_URL}</arg>
<doc>Navigates the current browser window to the provided ``url``.</doc>
<msg timestamp="20210901 15:20:36.483" level="INFO">Opening url 'https://haveibeenpwned.com/'</msg>
<status status="PASS" starttime="20210901 15:20:36.482" endtime="20210901 15:20:38.006"/>
</kw>
<status status="PASS" starttime="20210901 15:20:36.482" endtime="20210901 15:20:38.006"/>
</kw>
<kw name="Verify Page Loaded" library="LandingPage">
<kw name="Wait Until Page Contains" library="SeleniumLibrary">
<arg>Check if your email or phone is in a data breach</arg>
<doc>Waits until ``text`` appears on the current page.</doc>
<status status="PASS" starttime="20210901 15:20:38.007" endtime="20210901 15:20:38.018"/>
</kw>
<status status="PASS" starttime="20210901 15:20:38.007" endtime="20210901 15:20:38.018"/>
</kw>
<kw name="Testing The Email In The Second Scenario" library="SearchPwnage">
<kw name="Enter Second Scenario Search Email" library="SearchPwnage">
<kw name="Input Text" library="SeleniumLibrary">
<arg>${SEARCH_FIELD}</arg>
<arg>${SEARCH_NOT_PWNED_EMAIL}</arg>
<doc>Types the given ``text`` into the text field identified by ``locator``.</doc>
<msg timestamp="20210901 15:20:38.020" level="INFO">Typing text 'qwerty@elsewhere.com' into text field 'id=Account'.</msg>
<status status="PASS" starttime="20210901 15:20:38.020" endtime="20210901 15:20:38.051"/>
</kw>
<status status="PASS" starttime="20210901 15:20:38.019" endtime="20210901 15:20:38.051"/>
</kw>
<status status="PASS" starttime="20210901 15:20:38.019" endtime="20210901 15:20:38.052"/>
</kw>
<kw name="Click Pwnage Button" library="SearchPwnage">
<doc>Clicks on the pwnage search button</doc>
<kw name="Click Button" library="SeleniumLibrary">
<arg>${PWNED_BUTTON}</arg>
<doc>Clicks the button identified by ``locator``.</doc>
<msg timestamp="20210901 15:20:38.053" level="INFO">Clicking button 'id=searchPwnage'.</msg>
<status status="PASS" starttime="20210901 15:20:38.053" endtime="20210901 15:20:38.290"/>
</kw>
<status status="PASS" starttime="20210901 15:20:38.052" endtime="20210901 15:20:38.290"/>
</kw>
<kw name="Verify Second Scenario Search Completed" library="SearchResults">
<kw name="Wait Until Page Contains" library="SeleniumLibrary">
<arg>Good news — no pwnage found!</arg>
<doc>Waits until ``text`` appears on the current page.</doc>
<status status="PASS" starttime="20210901 15:20:38.291" endtime="20210901 15:20:38.295"/>
</kw>
<status status="PASS" starttime="20210901 15:20:38.291" endtime="20210901 15:20:38.295"/>
</kw>
<status status="PASS" starttime="20210901 15:20:36.481" endtime="20210901 15:20:38.296"/>
</kw>
<kw name="End Web Test" library="Common" type="TEARDOWN">
<kw name="Close Browser" library="SeleniumLibrary">
<doc>Closes the current browser.</doc>
<status status="PASS" starttime="20210901 15:20:38.296" endtime="20210901 15:20:38.809"/>
</kw>
<status status="PASS" starttime="20210901 15:20:38.296" endtime="20210901 15:20:38.809"/>
</kw>
<doc>User checks that website does not show pwned-warning</doc>
<tag>Smoke</tag>
<status status="PASS" starttime="20210901 15:20:33.137" endtime="20210901 15:20:38.810"/>
</test>
<doc>This test will verify if the given emails have been compromised.</doc>
<status status="PASS" starttime="20210901 15:20:26.856" endtime="20210901 15:20:38.812"/>
</suite>
<statistics>
<total>
<stat pass="2" fail="0" skip="0">All Tests</stat>
</total>
<tag>
<stat pass="1" fail="0" skip="0">Current</stat>
<stat pass="1" fail="0" skip="0">Smoke</stat>
</tag>
<suite>
<stat pass="2" fail="0" skip="0" id="s1" name="PwnageTest">PwnageTest</stat>
</suite>
</statistics>
<errors>
</errors>
</robot>
